<?xml version="1.0" encoding="UTF-8"?>
<!-- Generated by org.testng.reporters.JUnitReportReporter -->
<testsuite hostname="DELL" name="testng_examples.TC_Testng" tests="2" failures="0" timestamp="21 Aug 2019 10:55:31 GMT" time="0.061" errors="0">
  <testcase name="login" time="0.059" classname="testng_examples.TC_Testng"/>
  <testcase name="logout" time="0.002" classname="testng_examples.TC_Testng"/>
</testsuite> <!-- testng_examples.TC_Testng -->
