<?xml version="1.0" encoding="UTF-8"?>
<!-- Generated by org.testng.reporters.JUnitReportReporter -->
<testsuite hostname="DELL" name="com.hrms.TestScripts.TC_101_Testng" tests="1" failures="0" timestamp="23 Aug 2019 07:34:47 GMT" time="36.230" errors="0">
  <testcase name="tc101" time="36.230" classname="com.hrms.TestScripts.TC_101_Testng"/>
</testsuite> <!-- com.hrms.TestScripts.TC_101_Testng -->
