<?xml version="1.0" encoding="UTF-8"?>
<!-- Generated by org.testng.reporters.JUnitReportReporter -->
<testsuite hostname="DELL" name="testng_examples.TC_suite" tests="4" failures="0" timestamp="21 Aug 2019 16:08:22 GMT" time="0.027" errors="0">
  <testcase name="m2" time="0.002" classname="testng_examples.TC_suite"/>
  <testcase name="m4" time="0.002" classname="testng_examples.TC_suite"/>
  <testcase name="m1" time="0.022" classname="testng_examples.TC_suite"/>
  <testcase name="m3" time="0.001" classname="testng_examples.TC_suite"/>
</testsuite> <!-- testng_examples.TC_suite -->
