<?xml version="1.0" encoding="UTF-8"?>
<!-- Generated by org.testng.reporters.JUnitReportReporter -->
<testsuite hostname="DELL" name="com.hrms.TestScripts.TC_102_Add_NewEmp" tests="1" failures="0" timestamp="23 Aug 2019 07:37:56 GMT" time="46.866" errors="0">
  <testcase name="tc102" time="46.866" classname="com.hrms.TestScripts.TC_102_Add_NewEmp"/>
</testsuite> <!-- com.hrms.TestScripts.TC_102_Add_NewEmp -->
