<?xml version="1.0" encoding="UTF-8"?>
<!-- Generated by org.testng.reporters.JUnitReportReporter -->
<testsuite hostname="DELL" name="testng_examples.TC_EXCEL_Webdriver" tests="1" failures="0" timestamp="21 Aug 2019 14:10:42 GMT" time="18.285" errors="0">
  <testcase name="login" time="18.285" classname="testng_examples.TC_EXCEL_Webdriver"/>
</testsuite> <!-- testng_examples.TC_EXCEL_Webdriver -->
