<?xml version="1.0" encoding="UTF-8"?>
<!-- Generated by org.testng.reporters.JUnitReportReporter -->
<testsuite hostname="DELL" name="com.hrms.TestScripts.TC_103_DelEmp" tests="1" failures="0" timestamp="23 Aug 2019 07:46:44 GMT" time="36.610" errors="0">
  <testcase name="tc103" time="36.610" classname="com.hrms.TestScripts.TC_103_DelEmp"/>
</testsuite> <!-- com.hrms.TestScripts.TC_103_DelEmp -->
